2015/04/14 19:38:28 [error] [exception.CDbException] exception 'CDbException' with message 'CDbConnection failed to open the DB connection: SQLSTATE[HY000] [1045] Access denied for user 'root'@'localhost' (using password: YES)' in C:\xampp\yii-1.1.16.bca042\framework\db\CDbConnection.php:399
Stack trace:
#0 C:\xampp\yii-1.1.16.bca042\framework\db\CDbConnection.php(347): CDbConnection->open()
#1 C:\xampp\yii-1.1.16.bca042\framework\db\CDbConnection.php(325): CDbConnection->setActive(true)
#2 C:\xampp\yii-1.1.16.bca042\framework\base\CModule.php(394): CDbConnection->init()
#3 C:\xampp\yii-1.1.16.bca042\framework\base\CModule.php(103): CModule->getComponent('db')
#4 C:\xampp\yii-1.1.16.bca042\framework\gii\generators\model\ModelCode.php(60): CModule->__get('db')
#5 C:\xampp\yii-1.1.16.bca042\framework\web\CFormModel.php(39): ModelCode->init()
#6 C:\xampp\yii-1.1.16.bca042\framework\gii\CCodeGenerator.php(153): CFormModel->__construct()
#7 C:\xampp\yii-1.1.16.bca042\framework\gii\CCodeGenerator.php(63): CCodeGenerator->prepare()
#8 C:\xampp\yii-1.1.16.bca042\framework\web\actions\CInlineAction.php(49): CCodeGenerator->actionIndex()
#9 C:\xampp\yii-1.1.16.bca042\framework\web\CController.php(308): CInlineAction->runWithParams(Array)
#10 C:\xampp\yii-1.1.16.bca042\framework\web\CController.php(286): CController->runAction(Object(CInlineAction))
#11 C:\xampp\yii-1.1.16.bca042\framework\web\CController.php(265): CController->runActionWithFilters(Object(CInlineAction), Array)
#12 C:\xampp\yii-1.1.16.bca042\framework\web\CWebApplication.php(282): CController->run('index')
#13 C:\xampp\yii-1.1.16.bca042\framework\web\CWebApplication.php(141): CWebApplication->runController('gii/model/index')
#14 C:\xampp\yii-1.1.16.bca042\framework\base\CApplication.php(184): CWebApplication->processRequest()
#15 C:\xampp\htdocs\bulkoffers\index.php(13): CApplication->run()
#16 {main}
REQUEST_URI=/bulkoffers/index.php?r=gii/model/index
HTTP_REFERER=http://localhost/bulkoffers/index.php?r=gii/default/index
---
2015/04/16 20:15:47 [error] [exception.CHttpException.400] exception 'CHttpException' with message 'Your request is invalid.' in C:\xampp\yii-1.1.16.bca042\framework\web\CController.php:336
Stack trace:
#0 C:\xampp\yii-1.1.16.bca042\framework\web\CController.php(309): CController->invalidActionParams(Object(CInlineAction))
#1 C:\xampp\yii-1.1.16.bca042\framework\web\CController.php(286): CController->runAction(Object(CInlineAction))
#2 C:\xampp\yii-1.1.16.bca042\framework\web\CController.php(265): CController->runActionWithFilters(Object(CInlineAction), Array)
#3 C:\xampp\yii-1.1.16.bca042\framework\web\CWebApplication.php(282): CController->run('getOffers')
#4 C:\xampp\yii-1.1.16.bca042\framework\web\CWebApplication.php(141): CWebApplication->runController('site/getOffers')
#5 C:\xampp\yii-1.1.16.bca042\framework\base\CApplication.php(184): CWebApplication->processRequest()
#6 C:\xampp\htdocs\bulkoffers\index.php(13): CApplication->run()
#7 {main}
REQUEST_URI=/bulkoffers/index.php?r=site/getOffers&dum=19990
---
2015/04/16 20:17:10 [error] [exception.CDbException] exception 'CDbException' with message 'Column name must be either a string or an array.' in C:\xampp\yii-1.1.16.bca042\framework\db\schema\CDbCommandBuilder.php:831
Stack trace:
#0 C:\xampp\yii-1.1.16.bca042\framework\db\schema\CDbCommandBuilder.php(624): CDbCommandBuilder->createInCondition(Object(CMysqlTableSchema), NULL, Array, '`t`.')
#1 C:\xampp\yii-1.1.16.bca042\framework\db\ar\CActiveRecord.php(1490): CDbCommandBuilder->createPkCriteria(Object(CMysqlTableSchema), '3', '', Array, '`t`.')
#2 C:\xampp\htdocs\bulkoffers\protected\controllers\SiteController.php(86): CActiveRecord->findByPk('3')
#3 [internal function]: SiteController->actionGetOffers('3')
#4 C:\xampp\yii-1.1.16.bca042\framework\web\actions\CAction.php(109): ReflectionMethod->invokeArgs(Object(SiteController), Array)
#5 C:\xampp\yii-1.1.16.bca042\framework\web\actions\CInlineAction.php(47): CAction->runWithParamsInternal(Object(SiteController), Object(ReflectionMethod), Array)
#6 C:\xampp\yii-1.1.16.bca042\framework\web\CController.php(308): CInlineAction->runWithParams(Array)
#7 C:\xampp\yii-1.1.16.bca042\framework\web\CController.php(286): CController->runAction(Object(CInlineAction))
#8 C:\xampp\yii-1.1.16.bca042\framework\web\CController.php(265): CController->runActionWithFilters(Object(CInlineAction), Array)
#9 C:\xampp\yii-1.1.16.bca042\framework\web\CWebApplication.php(282): CController->run('getOffers')
#10 C:\xampp\yii-1.1.16.bca042\framework\web\CWebApplication.php(141): CWebApplication->runController('site/getOffers')
#11 C:\xampp\yii-1.1.16.bca042\framework\base\CApplication.php(184): CWebApplication->processRequest()
#12 C:\xampp\htdocs\bulkoffers\index.php(13): CApplication->run()
#13 {main}
REQUEST_URI=/bulkoffers/index.php?r=site/getOffers&dumb=3
---
2015/04/16 20:18:00 [error] [exception.CDbException] exception 'CDbException' with message 'Column name must be either a string or an array.' in C:\xampp\yii-1.1.16.bca042\framework\db\schema\CDbCommandBuilder.php:831
Stack trace:
#0 C:\xampp\yii-1.1.16.bca042\framework\db\schema\CDbCommandBuilder.php(624): CDbCommandBuilder->createInCondition(Object(CMysqlTableSchema), NULL, Array, '`t`.')
#1 C:\xampp\yii-1.1.16.bca042\framework\db\ar\CActiveRecord.php(1490): CDbCommandBuilder->createPkCriteria(Object(CMysqlTableSchema), '1', '', Array, '`t`.')
#2 C:\xampp\htdocs\bulkoffers\protected\controllers\SiteController.php(86): CActiveRecord->findByPk('1')
#3 [internal function]: SiteController->actionGetOffers('1')
#4 C:\xampp\yii-1.1.16.bca042\framework\web\actions\CAction.php(109): ReflectionMethod->invokeArgs(Object(SiteController), Array)
#5 C:\xampp\yii-1.1.16.bca042\framework\web\actions\CInlineAction.php(47): CAction->runWithParamsInternal(Object(SiteController), Object(ReflectionMethod), Array)
#6 C:\xampp\yii-1.1.16.bca042\framework\web\CController.php(308): CInlineAction->runWithParams(Array)
#7 C:\xampp\yii-1.1.16.bca042\framework\web\CController.php(286): CController->runAction(Object(CInlineAction))
#8 C:\xampp\yii-1.1.16.bca042\framework\web\CController.php(265): CController->runActionWithFilters(Object(CInlineAction), Array)
#9 C:\xampp\yii-1.1.16.bca042\framework\web\CWebApplication.php(282): CController->run('getOffers')
#10 C:\xampp\yii-1.1.16.bca042\framework\web\CWebApplication.php(141): CWebApplication->runController('site/getOffers')
#11 C:\xampp\yii-1.1.16.bca042\framework\base\CApplication.php(184): CWebApplication->processRequest()
#12 C:\xampp\htdocs\bulkoffers\index.php(13): CApplication->run()
#13 {main}
REQUEST_URI=/bulkoffers/index.php?r=site/getOffers&dumb=1
---
2015/04/16 20:18:37 [error] [exception.CDbException] exception 'CDbException' with message 'Column name must be either a string or an array.' in C:\xampp\yii-1.1.16.bca042\framework\db\schema\CDbCommandBuilder.php:831
Stack trace:
#0 C:\xampp\yii-1.1.16.bca042\framework\db\schema\CDbCommandBuilder.php(624): CDbCommandBuilder->createInCondition(Object(CMysqlTableSchema), NULL, Array, '`t`.')
#1 C:\xampp\yii-1.1.16.bca042\framework\db\ar\CActiveRecord.php(1490): CDbCommandBuilder->createPkCriteria(Object(CMysqlTableSchema), '1', '', Array, '`t`.')
#2 C:\xampp\htdocs\bulkoffers\protected\controllers\SiteController.php(86): CActiveRecord->findByPk('1')
#3 [internal function]: SiteController->actionGetOffers('1')
#4 C:\xampp\yii-1.1.16.bca042\framework\web\actions\CAction.php(109): ReflectionMethod->invokeArgs(Object(SiteController), Array)
#5 C:\xampp\yii-1.1.16.bca042\framework\web\actions\CInlineAction.php(47): CAction->runWithParamsInternal(Object(SiteController), Object(ReflectionMethod), Array)
#6 C:\xampp\yii-1.1.16.bca042\framework\web\CController.php(308): CInlineAction->runWithParams(Array)
#7 C:\xampp\yii-1.1.16.bca042\framework\web\CController.php(286): CController->runAction(Object(CInlineAction))
#8 C:\xampp\yii-1.1.16.bca042\framework\web\CController.php(265): CController->runActionWithFilters(Object(CInlineAction), Array)
#9 C:\xampp\yii-1.1.16.bca042\framework\web\CWebApplication.php(282): CController->run('getOffers')
#10 C:\xampp\yii-1.1.16.bca042\framework\web\CWebApplication.php(141): CWebApplication->runController('site/getOffers')
#11 C:\xampp\yii-1.1.16.bca042\framework\base\CApplication.php(184): CWebApplication->processRequest()
#12 C:\xampp\htdocs\bulkoffers\index.php(13): CApplication->run()
#13 {main}
REQUEST_URI=/bulkoffers/index.php?r=site/getOffers&dumb=1
---
2015/04/16 20:19:09 [error] [exception.CDbException] exception 'CDbException' with message 'Column name must be either a string or an array.' in C:\xampp\yii-1.1.16.bca042\framework\db\schema\CDbCommandBuilder.php:831
Stack trace:
#0 C:\xampp\yii-1.1.16.bca042\framework\db\schema\CDbCommandBuilder.php(624): CDbCommandBuilder->createInCondition(Object(CMysqlTableSchema), NULL, Array, '`t`.')
#1 C:\xampp\yii-1.1.16.bca042\framework\db\ar\CActiveRecord.php(1490): CDbCommandBuilder->createPkCriteria(Object(CMysqlTableSchema), '19990', '', Array, '`t`.')
#2 C:\xampp\htdocs\bulkoffers\protected\controllers\SiteController.php(86): CActiveRecord->findByPk('19990')
#3 [internal function]: SiteController->actionGetOffers('19990')
#4 C:\xampp\yii-1.1.16.bca042\framework\web\actions\CAction.php(109): ReflectionMethod->invokeArgs(Object(SiteController), Array)
#5 C:\xampp\yii-1.1.16.bca042\framework\web\actions\CInlineAction.php(47): CAction->runWithParamsInternal(Object(SiteController), Object(ReflectionMethod), Array)
#6 C:\xampp\yii-1.1.16.bca042\framework\web\CController.php(308): CInlineAction->runWithParams(Array)
#7 C:\xampp\yii-1.1.16.bca042\framework\web\CController.php(286): CController->runAction(Object(CInlineAction))
#8 C:\xampp\yii-1.1.16.bca042\framework\web\CController.php(265): CController->runActionWithFilters(Object(CInlineAction), Array)
#9 C:\xampp\yii-1.1.16.bca042\framework\web\CWebApplication.php(282): CController->run('getOffers')
#10 C:\xampp\yii-1.1.16.bca042\framework\web\CWebApplication.php(141): CWebApplication->runController('site/getOffers')
#11 C:\xampp\yii-1.1.16.bca042\framework\base\CApplication.php(184): CWebApplication->processRequest()
#12 C:\xampp\htdocs\bulkoffers\index.php(13): CApplication->run()
#13 {main}
REQUEST_URI=/bulkoffers/index.php?r=site/getOffers&dumb=19990
---
2015/04/16 20:19:11 [error] [exception.CDbException] exception 'CDbException' with message 'Column name must be either a string or an array.' in C:\xampp\yii-1.1.16.bca042\framework\db\schema\CDbCommandBuilder.php:831
Stack trace:
#0 C:\xampp\yii-1.1.16.bca042\framework\db\schema\CDbCommandBuilder.php(624): CDbCommandBuilder->createInCondition(Object(CMysqlTableSchema), NULL, Array, '`t`.')
#1 C:\xampp\yii-1.1.16.bca042\framework\db\ar\CActiveRecord.php(1490): CDbCommandBuilder->createPkCriteria(Object(CMysqlTableSchema), '19990', '', Array, '`t`.')
#2 C:\xampp\htdocs\bulkoffers\protected\controllers\SiteController.php(86): CActiveRecord->findByPk('19990')
#3 [internal function]: SiteController->actionGetOffers('19990')
#4 C:\xampp\yii-1.1.16.bca042\framework\web\actions\CAction.php(109): ReflectionMethod->invokeArgs(Object(SiteController), Array)
#5 C:\xampp\yii-1.1.16.bca042\framework\web\actions\CInlineAction.php(47): CAction->runWithParamsInternal(Object(SiteController), Object(ReflectionMethod), Array)
#6 C:\xampp\yii-1.1.16.bca042\framework\web\CController.php(308): CInlineAction->runWithParams(Array)
#7 C:\xampp\yii-1.1.16.bca042\framework\web\CController.php(286): CController->runAction(Object(CInlineAction))
#8 C:\xampp\yii-1.1.16.bca042\framework\web\CController.php(265): CController->runActionWithFilters(Object(CInlineAction), Array)
#9 C:\xampp\yii-1.1.16.bca042\framework\web\CWebApplication.php(282): CController->run('getOffers')
#10 C:\xampp\yii-1.1.16.bca042\framework\web\CWebApplication.php(141): CWebApplication->runController('site/getOffers')
#11 C:\xampp\yii-1.1.16.bca042\framework\base\CApplication.php(184): CWebApplication->processRequest()
#12 C:\xampp\htdocs\bulkoffers\index.php(13): CApplication->run()
#13 {main}
REQUEST_URI=/bulkoffers/index.php?r=site/getOffers&dumb=19990
---
2015/04/16 20:19:14 [error] [exception.CDbException] exception 'CDbException' with message 'Column name must be either a string or an array.' in C:\xampp\yii-1.1.16.bca042\framework\db\schema\CDbCommandBuilder.php:831
Stack trace:
#0 C:\xampp\yii-1.1.16.bca042\framework\db\schema\CDbCommandBuilder.php(624): CDbCommandBuilder->createInCondition(Object(CMysqlTableSchema), NULL, Array, '`t`.')
#1 C:\xampp\yii-1.1.16.bca042\framework\db\ar\CActiveRecord.php(1490): CDbCommandBuilder->createPkCriteria(Object(CMysqlTableSchema), '19990', '', Array, '`t`.')
#2 C:\xampp\htdocs\bulkoffers\protected\controllers\SiteController.php(86): CActiveRecord->findByPk('19990')
#3 [internal function]: SiteController->actionGetOffers('19990')
#4 C:\xampp\yii-1.1.16.bca042\framework\web\actions\CAction.php(109): ReflectionMethod->invokeArgs(Object(SiteController), Array)
#5 C:\xampp\yii-1.1.16.bca042\framework\web\actions\CInlineAction.php(47): CAction->runWithParamsInternal(Object(SiteController), Object(ReflectionMethod), Array)
#6 C:\xampp\yii-1.1.16.bca042\framework\web\CController.php(308): CInlineAction->runWithParams(Array)
#7 C:\xampp\yii-1.1.16.bca042\framework\web\CController.php(286): CController->runAction(Object(CInlineAction))
#8 C:\xampp\yii-1.1.16.bca042\framework\web\CController.php(265): CController->runActionWithFilters(Object(CInlineAction), Array)
#9 C:\xampp\yii-1.1.16.bca042\framework\web\CWebApplication.php(282): CController->run('getOffers')
#10 C:\xampp\yii-1.1.16.bca042\framework\web\CWebApplication.php(141): CWebApplication->runController('site/getOffers')
#11 C:\xampp\yii-1.1.16.bca042\framework\base\CApplication.php(184): CWebApplication->processRequest()
#12 C:\xampp\htdocs\bulkoffers\index.php(13): CApplication->run()
#13 {main}
REQUEST_URI=/bulkoffers/index.php?r=site/getOffers&dumb=19990
---
2015/04/16 20:22:18 [error] [exception.CDbException] exception 'CDbException' with message 'Column name must be either a string or an array.' in C:\xampp\yii-1.1.16.bca042\framework\db\schema\CDbCommandBuilder.php:831
Stack trace:
#0 C:\xampp\yii-1.1.16.bca042\framework\db\schema\CDbCommandBuilder.php(624): CDbCommandBuilder->createInCondition(Object(CMysqlTableSchema), NULL, Array, '`t`.')
#1 C:\xampp\yii-1.1.16.bca042\framework\db\ar\CActiveRecord.php(1490): CDbCommandBuilder->createPkCriteria(Object(CMysqlTableSchema), '3', '', Array, '`t`.')
#2 C:\xampp\htdocs\bulkoffers\protected\controllers\SiteController.php(86): CActiveRecord->findByPk('3')
#3 [internal function]: SiteController->actionGetOffers('3')
#4 C:\xampp\yii-1.1.16.bca042\framework\web\actions\CAction.php(109): ReflectionMethod->invokeArgs(Object(SiteController), Array)
#5 C:\xampp\yii-1.1.16.bca042\framework\web\actions\CInlineAction.php(47): CAction->runWithParamsInternal(Object(SiteController), Object(ReflectionMethod), Array)
#6 C:\xampp\yii-1.1.16.bca042\framework\web\CController.php(308): CInlineAction->runWithParams(Array)
#7 C:\xampp\yii-1.1.16.bca042\framework\web\CController.php(286): CController->runAction(Object(CInlineAction))
#8 C:\xampp\yii-1.1.16.bca042\framework\web\CController.php(265): CController->runActionWithFilters(Object(CInlineAction), Array)
#9 C:\xampp\yii-1.1.16.bca042\framework\web\CWebApplication.php(282): CController->run('getOffers')
#10 C:\xampp\yii-1.1.16.bca042\framework\web\CWebApplication.php(141): CWebApplication->runController('site/getOffers')
#11 C:\xampp\yii-1.1.16.bca042\framework\base\CApplication.php(184): CWebApplication->processRequest()
#12 C:\xampp\htdocs\bulkoffers\index.php(13): CApplication->run()
#13 {main}
REQUEST_URI=/bulkoffers/index.php?r=site/getOffers&dumb=3
---
2015/04/16 20:25:17 [error] [exception.CHttpException.400] exception 'CHttpException' with message 'Your request is invalid.' in C:\xampp\yii-1.1.16.bca042\framework\web\CController.php:336
Stack trace:
#0 C:\xampp\yii-1.1.16.bca042\framework\web\CController.php(309): CController->invalidActionParams(Object(CInlineAction))
#1 C:\xampp\yii-1.1.16.bca042\framework\web\CController.php(286): CController->runAction(Object(CInlineAction))
#2 C:\xampp\yii-1.1.16.bca042\framework\web\CController.php(265): CController->runActionWithFilters(Object(CInlineAction), Array)
#3 C:\xampp\yii-1.1.16.bca042\framework\web\CWebApplication.php(282): CController->run('getOffers')
#4 C:\xampp\yii-1.1.16.bca042\framework\web\CWebApplication.php(141): CWebApplication->runController('site/getOffers')
#5 C:\xampp\yii-1.1.16.bca042\framework\base\CApplication.php(184): CWebApplication->processRequest()
#6 C:\xampp\htdocs\bulkoffers\index.php(13): CApplication->run()
#7 {main}
REQUEST_URI=/bulkoffers/index.php?r=site/getOffers
---
